<?xml version="1.0" encoding="utf-8" standalone="no"?>
<test-results xmlns:xsi="http://www.w3.org/2001/XMLSchema-instance" xsi:noNamespaceSchemaLocation="nunit_schema_2.5.xsd" name="Pester" total="0" errors="0" failures="0" not-run="0" inconclusive="0" ignored="0" skipped="0" invalid="0" date="2020-05-10" time="12:40:37">
  <environment user="kiran" machine-name="ARCHIE-BRIX" os-version="10.0.18363" platform="Microsoft Windows 10 Pro|C:\WINDOWS|\Device\Harddisk0\Partition4" user-domain="ARCHIE-BRIX" nunit-version="2.5.8.0" cwd="C:\gh\PSLiteDB\Azure-Pipelines" clr-version="Unknown" />
  <culture-info current-culture="en-US" current-uiculture="en-US" />
  <test-suite type="TestFixture" name="Pester" executed="True" result="Success" success="True" time="0" asserts="0" description="Pester">
    <results />
  </test-suite>
</test-results>